<?xml version="1.0" encoding="UTF-8"?>
<testsuite name="org.northshore.cbri.dict.lingpipe.UmlsDictionaryAnnotatorTest" tests="3" skipped="0" failures="0" errors="0" timestamp="2015-02-12T00:40:33" hostname="r1001-lt-100-f" time="2.574">
  <properties/>
  <testcase name="testApproxMatch" classname="org.northshore.cbri.dict.lingpipe.UmlsDictionaryAnnotatorTest" time="1.826"/>
  <testcase name="createTypeTest" classname="org.northshore.cbri.dict.lingpipe.UmlsDictionaryAnnotatorTest" time="0.23"/>
  <testcase name="testExactMatch" classname="org.northshore.cbri.dict.lingpipe.UmlsDictionaryAnnotatorTest" time="0.518"/>
  <system-out><![CDATA[0 [Test worker] DEBUG org.apache.uima.resource.metadata.TypeSystemDescription  - Detected type system at [jar:file:/C:/Users/thompsow/.gradle/caches/modules-2/files-2.1/de.tudarmstadt.ukp.dkpro.core/de.tudarmstadt.ukp.dkpro.core.api.semantics-asl/1.6.0/48e393db4678d465a20c66e57ff651e04faf0ebd/de.tudarmstadt.ukp.dkpro.core.api.semantics-asl-1.6.0.jar!/desc/type/Semantics.xml]
80 [Test worker] DEBUG org.apache.uima.resource.metadata.TypeSystemDescription  - Detected type system at [jar:file:/C:/WKT/git/Schorndorfer/uima-components/annotator-parent/type-system/build/libs/type-system-1.0.jar!/org/apache/ctakes/typesystem/types/TypeSystem.xml]
90 [Test worker] DEBUG org.apache.uima.resource.metadata.TypeSystemDescription  - Detected type system at [jar:file:/C:/Users/thompsow/.gradle/caches/modules-2/files-2.1/de.tudarmstadt.ukp.dkpro.core/de.tudarmstadt.ukp.dkpro.core.api.ner-asl/1.6.0/eb2978702325a14dfa63dae9cb8cdb85d79906cd/de.tudarmstadt.ukp.dkpro.core.api.ner-asl-1.6.0.jar!/desc/type/NamedEntity.xml]
90 [Test worker] DEBUG org.apache.uima.resource.metadata.TypeSystemDescription  - Detected type system at [jar:file:/C:/Users/thompsow/.gradle/caches/modules-2/files-2.1/de.tudarmstadt.ukp.dkpro.core/de.tudarmstadt.ukp.dkpro.core.api.lexmorph-asl/1.6.0/7b9cdd0acbd44d69044dfa2ab79e779cfa7f5568/de.tudarmstadt.ukp.dkpro.core.api.lexmorph-asl-1.6.0.jar!/desc/type/POS.xml]
100 [Test worker] DEBUG org.apache.uima.resource.metadata.TypeSystemDescription  - Detected type system at [jar:file:/C:/Users/thompsow/.gradle/caches/modules-2/files-2.1/de.tudarmstadt.ukp.dkpro.core/de.tudarmstadt.ukp.dkpro.core.api.segmentation-asl/1.6.0/161eeb19ab9210221e2e1ec0f7349074eea389eb/de.tudarmstadt.ukp.dkpro.core.api.segmentation-asl-1.6.0.jar!/desc/type/LexicalUnits.xml]
110 [Test worker] DEBUG org.apache.uima.resource.metadata.TypeSystemDescription  - Detected type system at [jar:file:/C:/Users/thompsow/.gradle/caches/modules-2/files-2.1/de.tudarmstadt.ukp.dkpro.core/de.tudarmstadt.ukp.dkpro.core.api.lexmorph-asl/1.6.0/7b9cdd0acbd44d69044dfa2ab79e779cfa7f5568/de.tudarmstadt.ukp.dkpro.core.api.lexmorph-asl-1.6.0.jar!/desc/type/Morpheme.xml]
110 [Test worker] DEBUG org.apache.uima.resource.metadata.TypeSystemDescription  - Detected type system at [jar:file:/C:/Users/thompsow/.gradle/caches/modules-2/files-2.1/de.tudarmstadt.ukp.dkpro.core/de.tudarmstadt.ukp.dkpro.core.api.metadata-asl/1.6.0/144a0e6f198e862cb1e50442549aa516e8ab6cb1/de.tudarmstadt.ukp.dkpro.core.api.metadata-asl-1.6.0.jar!/desc/type/metadata.xml]
120 [Test worker] DEBUG org.apache.uima.resource.metadata.TypeSystemDescription  - Detected type system at [jar:file:/C:/Users/thompsow/.gradle/caches/modules-2/files-2.1/de.tudarmstadt.ukp.dkpro.core/de.tudarmstadt.ukp.dkpro.core.api.lexmorph-asl/1.6.0/7b9cdd0acbd44d69044dfa2ab79e779cfa7f5568/de.tudarmstadt.ukp.dkpro.core.api.lexmorph-asl-1.6.0.jar!/desc/type/TweetPOS.xml]
580 [Test worker] DEBUG org.springframework.validation.DataBinder  - DataBinder requires binding of required fields []
600 [Test worker] DEBUG org.apache.uima.resource.metadata.TypeSystemDescription  - Detected type system at [jar:file:/C:/Users/thompsow/.gradle/caches/modules-2/files-2.1/de.tudarmstadt.ukp.dkpro.core/de.tudarmstadt.ukp.dkpro.core.api.semantics-asl/1.6.0/48e393db4678d465a20c66e57ff651e04faf0ebd/de.tudarmstadt.ukp.dkpro.core.api.semantics-asl-1.6.0.jar!/desc/type/Semantics.xml]
630 [Test worker] DEBUG org.apache.uima.resource.metadata.TypeSystemDescription  - Detected type system at [jar:file:/C:/WKT/git/Schorndorfer/uima-components/annotator-parent/type-system/build/libs/type-system-1.0.jar!/org/apache/ctakes/typesystem/types/TypeSystem.xml]
630 [Test worker] DEBUG org.apache.uima.resource.metadata.TypeSystemDescription  - Detected type system at [jar:file:/C:/Users/thompsow/.gradle/caches/modules-2/files-2.1/de.tudarmstadt.ukp.dkpro.core/de.tudarmstadt.ukp.dkpro.core.api.ner-asl/1.6.0/eb2978702325a14dfa63dae9cb8cdb85d79906cd/de.tudarmstadt.ukp.dkpro.core.api.ner-asl-1.6.0.jar!/desc/type/NamedEntity.xml]
640 [Test worker] DEBUG org.apache.uima.resource.metadata.TypeSystemDescription  - Detected type system at [jar:file:/C:/Users/thompsow/.gradle/caches/modules-2/files-2.1/de.tudarmstadt.ukp.dkpro.core/de.tudarmstadt.ukp.dkpro.core.api.lexmorph-asl/1.6.0/7b9cdd0acbd44d69044dfa2ab79e779cfa7f5568/de.tudarmstadt.ukp.dkpro.core.api.lexmorph-asl-1.6.0.jar!/desc/type/POS.xml]
640 [Test worker] DEBUG org.apache.uima.resource.metadata.TypeSystemDescription  - Detected type system at [jar:file:/C:/Users/thompsow/.gradle/caches/modules-2/files-2.1/de.tudarmstadt.ukp.dkpro.core/de.tudarmstadt.ukp.dkpro.core.api.segmentation-asl/1.6.0/161eeb19ab9210221e2e1ec0f7349074eea389eb/de.tudarmstadt.ukp.dkpro.core.api.segmentation-asl-1.6.0.jar!/desc/type/LexicalUnits.xml]
650 [Test worker] DEBUG org.apache.uima.resource.metadata.TypeSystemDescription  - Detected type system at [jar:file:/C:/Users/thompsow/.gradle/caches/modules-2/files-2.1/de.tudarmstadt.ukp.dkpro.core/de.tudarmstadt.ukp.dkpro.core.api.lexmorph-asl/1.6.0/7b9cdd0acbd44d69044dfa2ab79e779cfa7f5568/de.tudarmstadt.ukp.dkpro.core.api.lexmorph-asl-1.6.0.jar!/desc/type/Morpheme.xml]
650 [Test worker] DEBUG org.apache.uima.resource.metadata.TypeSystemDescription  - Detected type system at [jar:file:/C:/Users/thompsow/.gradle/caches/modules-2/files-2.1/de.tudarmstadt.ukp.dkpro.core/de.tudarmstadt.ukp.dkpro.core.api.metadata-asl/1.6.0/144a0e6f198e862cb1e50442549aa516e8ab6cb1/de.tudarmstadt.ukp.dkpro.core.api.metadata-asl-1.6.0.jar!/desc/type/metadata.xml]
660 [Test worker] DEBUG org.apache.uima.resource.metadata.TypeSystemDescription  - Detected type system at [jar:file:/C:/Users/thompsow/.gradle/caches/modules-2/files-2.1/de.tudarmstadt.ukp.dkpro.core/de.tudarmstadt.ukp.dkpro.core.api.lexmorph-asl/1.6.0/7b9cdd0acbd44d69044dfa2ab79e779cfa7f5568/de.tudarmstadt.ukp.dkpro.core.api.lexmorph-asl-1.6.0.jar!/desc/type/TweetPOS.xml]
1394 [Test worker] DEBUG org.apache.uima.resource.metadata.TypeSystemDescription  - Detected type system at [jar:file:/C:/Users/thompsow/.gradle/caches/modules-2/files-2.1/de.tudarmstadt.ukp.dkpro.core/de.tudarmstadt.ukp.dkpro.core.api.semantics-asl/1.6.0/48e393db4678d465a20c66e57ff651e04faf0ebd/de.tudarmstadt.ukp.dkpro.core.api.semantics-asl-1.6.0.jar!/desc/type/Semantics.xml]
1414 [Test worker] DEBUG org.apache.uima.resource.metadata.TypeSystemDescription  - Detected type system at [jar:file:/C:/WKT/git/Schorndorfer/uima-components/annotator-parent/type-system/build/libs/type-system-1.0.jar!/org/apache/ctakes/typesystem/types/TypeSystem.xml]
1414 [Test worker] DEBUG org.apache.uima.resource.metadata.TypeSystemDescription  - Detected type system at [jar:file:/C:/Users/thompsow/.gradle/caches/modules-2/files-2.1/de.tudarmstadt.ukp.dkpro.core/de.tudarmstadt.ukp.dkpro.core.api.ner-asl/1.6.0/eb2978702325a14dfa63dae9cb8cdb85d79906cd/de.tudarmstadt.ukp.dkpro.core.api.ner-asl-1.6.0.jar!/desc/type/NamedEntity.xml]
1414 [Test worker] DEBUG org.apache.uima.resource.metadata.TypeSystemDescription  - Detected type system at [jar:file:/C:/Users/thompsow/.gradle/caches/modules-2/files-2.1/de.tudarmstadt.ukp.dkpro.core/de.tudarmstadt.ukp.dkpro.core.api.lexmorph-asl/1.6.0/7b9cdd0acbd44d69044dfa2ab79e779cfa7f5568/de.tudarmstadt.ukp.dkpro.core.api.lexmorph-asl-1.6.0.jar!/desc/type/POS.xml]
1424 [Test worker] DEBUG org.apache.uima.resource.metadata.TypeSystemDescription  - Detected type system at [jar:file:/C:/Users/thompsow/.gradle/caches/modules-2/files-2.1/de.tudarmstadt.ukp.dkpro.core/de.tudarmstadt.ukp.dkpro.core.api.segmentation-asl/1.6.0/161eeb19ab9210221e2e1ec0f7349074eea389eb/de.tudarmstadt.ukp.dkpro.core.api.segmentation-asl-1.6.0.jar!/desc/type/LexicalUnits.xml]
1424 [Test worker] DEBUG org.apache.uima.resource.metadata.TypeSystemDescription  - Detected type system at [jar:file:/C:/Users/thompsow/.gradle/caches/modules-2/files-2.1/de.tudarmstadt.ukp.dkpro.core/de.tudarmstadt.ukp.dkpro.core.api.lexmorph-asl/1.6.0/7b9cdd0acbd44d69044dfa2ab79e779cfa7f5568/de.tudarmstadt.ukp.dkpro.core.api.lexmorph-asl-1.6.0.jar!/desc/type/Morpheme.xml]
1424 [Test worker] DEBUG org.apache.uima.resource.metadata.TypeSystemDescription  - Detected type system at [jar:file:/C:/Users/thompsow/.gradle/caches/modules-2/files-2.1/de.tudarmstadt.ukp.dkpro.core/de.tudarmstadt.ukp.dkpro.core.api.metadata-asl/1.6.0/144a0e6f198e862cb1e50442549aa516e8ab6cb1/de.tudarmstadt.ukp.dkpro.core.api.metadata-asl-1.6.0.jar!/desc/type/metadata.xml]
1434 [Test worker] DEBUG org.apache.uima.resource.metadata.TypeSystemDescription  - Detected type system at [jar:file:/C:/Users/thompsow/.gradle/caches/modules-2/files-2.1/de.tudarmstadt.ukp.dkpro.core/de.tudarmstadt.ukp.dkpro.core.api.lexmorph-asl/1.6.0/7b9cdd0acbd44d69044dfa2ab79e779cfa7f5568/de.tudarmstadt.ukp.dkpro.core.api.lexmorph-asl-1.6.0.jar!/desc/type/TweetPOS.xml]
1526 [Test worker] DEBUG org.springframework.validation.DataBinder  - DataBinder requires binding of required fields [dictFile,dictFileEncoding,maxDistance]
Identified Annotation: [Adenomatous polyp.]
Identified Annotation: [Adenomatous polyp]
Identified Annotation: [Sigmoid colon:]
Identified Annotation: [Sigmoid colon]
Identified Annotation: [Hyperplastic polyp.]
Identified Annotation: [Hyperplastic polyp]
Identified Annotation: [Hyperplastic polyp]
Identified Annotation: [Tubular adenoma]
Identified Annotation: [adenoma]
1626 [Test worker] DEBUG org.apache.uima.resource.metadata.TypeSystemDescription  - Detected type system at [jar:file:/C:/Users/thompsow/.gradle/caches/modules-2/files-2.1/de.tudarmstadt.ukp.dkpro.core/de.tudarmstadt.ukp.dkpro.core.api.semantics-asl/1.6.0/48e393db4678d465a20c66e57ff651e04faf0ebd/de.tudarmstadt.ukp.dkpro.core.api.semantics-asl-1.6.0.jar!/desc/type/Semantics.xml]
1636 [Test worker] DEBUG org.apache.uima.resource.metadata.TypeSystemDescription  - Detected type system at [jar:file:/C:/WKT/git/Schorndorfer/uima-components/annotator-parent/type-system/build/libs/type-system-1.0.jar!/org/apache/ctakes/typesystem/types/TypeSystem.xml]
1636 [Test worker] DEBUG org.apache.uima.resource.metadata.TypeSystemDescription  - Detected type system at [jar:file:/C:/Users/thompsow/.gradle/caches/modules-2/files-2.1/de.tudarmstadt.ukp.dkpro.core/de.tudarmstadt.ukp.dkpro.core.api.ner-asl/1.6.0/eb2978702325a14dfa63dae9cb8cdb85d79906cd/de.tudarmstadt.ukp.dkpro.core.api.ner-asl-1.6.0.jar!/desc/type/NamedEntity.xml]
1636 [Test worker] DEBUG org.apache.uima.resource.metadata.TypeSystemDescription  - Detected type system at [jar:file:/C:/Users/thompsow/.gradle/caches/modules-2/files-2.1/de.tudarmstadt.ukp.dkpro.core/de.tudarmstadt.ukp.dkpro.core.api.lexmorph-asl/1.6.0/7b9cdd0acbd44d69044dfa2ab79e779cfa7f5568/de.tudarmstadt.ukp.dkpro.core.api.lexmorph-asl-1.6.0.jar!/desc/type/POS.xml]
1646 [Test worker] DEBUG org.apache.uima.resource.metadata.TypeSystemDescription  - Detected type system at [jar:file:/C:/Users/thompsow/.gradle/caches/modules-2/files-2.1/de.tudarmstadt.ukp.dkpro.core/de.tudarmstadt.ukp.dkpro.core.api.segmentation-asl/1.6.0/161eeb19ab9210221e2e1ec0f7349074eea389eb/de.tudarmstadt.ukp.dkpro.core.api.segmentation-asl-1.6.0.jar!/desc/type/LexicalUnits.xml]
1646 [Test worker] DEBUG org.apache.uima.resource.metadata.TypeSystemDescription  - Detected type system at [jar:file:/C:/Users/thompsow/.gradle/caches/modules-2/files-2.1/de.tudarmstadt.ukp.dkpro.core/de.tudarmstadt.ukp.dkpro.core.api.lexmorph-asl/1.6.0/7b9cdd0acbd44d69044dfa2ab79e779cfa7f5568/de.tudarmstadt.ukp.dkpro.core.api.lexmorph-asl-1.6.0.jar!/desc/type/Morpheme.xml]
1646 [Test worker] DEBUG org.apache.uima.resource.metadata.TypeSystemDescription  - Detected type system at [jar:file:/C:/Users/thompsow/.gradle/caches/modules-2/files-2.1/de.tudarmstadt.ukp.dkpro.core/de.tudarmstadt.ukp.dkpro.core.api.metadata-asl/1.6.0/144a0e6f198e862cb1e50442549aa516e8ab6cb1/de.tudarmstadt.ukp.dkpro.core.api.metadata-asl-1.6.0.jar!/desc/type/metadata.xml]
1646 [Test worker] DEBUG org.apache.uima.resource.metadata.TypeSystemDescription  - Detected type system at [jar:file:/C:/Users/thompsow/.gradle/caches/modules-2/files-2.1/de.tudarmstadt.ukp.dkpro.core/de.tudarmstadt.ukp.dkpro.core.api.lexmorph-asl/1.6.0/7b9cdd0acbd44d69044dfa2ab79e779cfa7f5568/de.tudarmstadt.ukp.dkpro.core.api.lexmorph-asl-1.6.0.jar!/desc/type/TweetPOS.xml]
1706 [Test worker] DEBUG org.springframework.validation.DataBinder  - DataBinder requires binding of required fields []
1716 [Test worker] DEBUG org.apache.uima.resource.metadata.TypeSystemDescription  - Detected type system at [jar:file:/C:/Users/thompsow/.gradle/caches/modules-2/files-2.1/de.tudarmstadt.ukp.dkpro.core/de.tudarmstadt.ukp.dkpro.core.api.semantics-asl/1.6.0/48e393db4678d465a20c66e57ff651e04faf0ebd/de.tudarmstadt.ukp.dkpro.core.api.semantics-asl-1.6.0.jar!/desc/type/Semantics.xml]
1726 [Test worker] DEBUG org.apache.uima.resource.metadata.TypeSystemDescription  - Detected type system at [jar:file:/C:/WKT/git/Schorndorfer/uima-components/annotator-parent/type-system/build/libs/type-system-1.0.jar!/org/apache/ctakes/typesystem/types/TypeSystem.xml]
1726 [Test worker] DEBUG org.apache.uima.resource.metadata.TypeSystemDescription  - Detected type system at [jar:file:/C:/Users/thompsow/.gradle/caches/modules-2/files-2.1/de.tudarmstadt.ukp.dkpro.core/de.tudarmstadt.ukp.dkpro.core.api.ner-asl/1.6.0/eb2978702325a14dfa63dae9cb8cdb85d79906cd/de.tudarmstadt.ukp.dkpro.core.api.ner-asl-1.6.0.jar!/desc/type/NamedEntity.xml]
1726 [Test worker] DEBUG org.apache.uima.resource.metadata.TypeSystemDescription  - Detected type system at [jar:file:/C:/Users/thompsow/.gradle/caches/modules-2/files-2.1/de.tudarmstadt.ukp.dkpro.core/de.tudarmstadt.ukp.dkpro.core.api.lexmorph-asl/1.6.0/7b9cdd0acbd44d69044dfa2ab79e779cfa7f5568/de.tudarmstadt.ukp.dkpro.core.api.lexmorph-asl-1.6.0.jar!/desc/type/POS.xml]
1726 [Test worker] DEBUG org.apache.uima.resource.metadata.TypeSystemDescription  - Detected type system at [jar:file:/C:/Users/thompsow/.gradle/caches/modules-2/files-2.1/de.tudarmstadt.ukp.dkpro.core/de.tudarmstadt.ukp.dkpro.core.api.segmentation-asl/1.6.0/161eeb19ab9210221e2e1ec0f7349074eea389eb/de.tudarmstadt.ukp.dkpro.core.api.segmentation-asl-1.6.0.jar!/desc/type/LexicalUnits.xml]
1736 [Test worker] DEBUG org.apache.uima.resource.metadata.TypeSystemDescription  - Detected type system at [jar:file:/C:/Users/thompsow/.gradle/caches/modules-2/files-2.1/de.tudarmstadt.ukp.dkpro.core/de.tudarmstadt.ukp.dkpro.core.api.lexmorph-asl/1.6.0/7b9cdd0acbd44d69044dfa2ab79e779cfa7f5568/de.tudarmstadt.ukp.dkpro.core.api.lexmorph-asl-1.6.0.jar!/desc/type/Morpheme.xml]
1736 [Test worker] DEBUG org.apache.uima.resource.metadata.TypeSystemDescription  - Detected type system at [jar:file:/C:/Users/thompsow/.gradle/caches/modules-2/files-2.1/de.tudarmstadt.ukp.dkpro.core/de.tudarmstadt.ukp.dkpro.core.api.metadata-asl/1.6.0/144a0e6f198e862cb1e50442549aa516e8ab6cb1/de.tudarmstadt.ukp.dkpro.core.api.metadata-asl-1.6.0.jar!/desc/type/metadata.xml]
1736 [Test worker] DEBUG org.apache.uima.resource.metadata.TypeSystemDescription  - Detected type system at [jar:file:/C:/Users/thompsow/.gradle/caches/modules-2/files-2.1/de.tudarmstadt.ukp.dkpro.core/de.tudarmstadt.ukp.dkpro.core.api.lexmorph-asl/1.6.0/7b9cdd0acbd44d69044dfa2ab79e779cfa7f5568/de.tudarmstadt.ukp.dkpro.core.api.lexmorph-asl-1.6.0.jar!/desc/type/TweetPOS.xml]
1856 [Test worker] DEBUG org.apache.uima.resource.metadata.TypeSystemDescription  - Detected type system at [jar:file:/C:/Users/thompsow/.gradle/caches/modules-2/files-2.1/de.tudarmstadt.ukp.dkpro.core/de.tudarmstadt.ukp.dkpro.core.api.semantics-asl/1.6.0/48e393db4678d465a20c66e57ff651e04faf0ebd/de.tudarmstadt.ukp.dkpro.core.api.semantics-asl-1.6.0.jar!/desc/type/Semantics.xml]
1869 [Test worker] DEBUG org.apache.uima.resource.metadata.TypeSystemDescription  - Detected type system at [jar:file:/C:/WKT/git/Schorndorfer/uima-components/annotator-parent/type-system/build/libs/type-system-1.0.jar!/org/apache/ctakes/typesystem/types/TypeSystem.xml]
1885 [Test worker] DEBUG org.apache.uima.resource.metadata.TypeSystemDescription  - Detected type system at [jar:file:/C:/Users/thompsow/.gradle/caches/modules-2/files-2.1/de.tudarmstadt.ukp.dkpro.core/de.tudarmstadt.ukp.dkpro.core.api.ner-asl/1.6.0/eb2978702325a14dfa63dae9cb8cdb85d79906cd/de.tudarmstadt.ukp.dkpro.core.api.ner-asl-1.6.0.jar!/desc/type/NamedEntity.xml]
1890 [Test worker] DEBUG org.apache.uima.resource.metadata.TypeSystemDescription  - Detected type system at [jar:file:/C:/Users/thompsow/.gradle/caches/modules-2/files-2.1/de.tudarmstadt.ukp.dkpro.core/de.tudarmstadt.ukp.dkpro.core.api.lexmorph-asl/1.6.0/7b9cdd0acbd44d69044dfa2ab79e779cfa7f5568/de.tudarmstadt.ukp.dkpro.core.api.lexmorph-asl-1.6.0.jar!/desc/type/POS.xml]
1893 [Test worker] DEBUG org.apache.uima.resource.metadata.TypeSystemDescription  - Detected type system at [jar:file:/C:/Users/thompsow/.gradle/caches/modules-2/files-2.1/de.tudarmstadt.ukp.dkpro.core/de.tudarmstadt.ukp.dkpro.core.api.segmentation-asl/1.6.0/161eeb19ab9210221e2e1ec0f7349074eea389eb/de.tudarmstadt.ukp.dkpro.core.api.segmentation-asl-1.6.0.jar!/desc/type/LexicalUnits.xml]
1895 [Test worker] DEBUG org.apache.uima.resource.metadata.TypeSystemDescription  - Detected type system at [jar:file:/C:/Users/thompsow/.gradle/caches/modules-2/files-2.1/de.tudarmstadt.ukp.dkpro.core/de.tudarmstadt.ukp.dkpro.core.api.lexmorph-asl/1.6.0/7b9cdd0acbd44d69044dfa2ab79e779cfa7f5568/de.tudarmstadt.ukp.dkpro.core.api.lexmorph-asl-1.6.0.jar!/desc/type/Morpheme.xml]
1898 [Test worker] DEBUG org.apache.uima.resource.metadata.TypeSystemDescription  - Detected type system at [jar:file:/C:/Users/thompsow/.gradle/caches/modules-2/files-2.1/de.tudarmstadt.ukp.dkpro.core/de.tudarmstadt.ukp.dkpro.core.api.metadata-asl/1.6.0/144a0e6f198e862cb1e50442549aa516e8ab6cb1/de.tudarmstadt.ukp.dkpro.core.api.metadata-asl-1.6.0.jar!/desc/type/metadata.xml]
1901 [Test worker] DEBUG org.apache.uima.resource.metadata.TypeSystemDescription  - Detected type system at [jar:file:/C:/Users/thompsow/.gradle/caches/modules-2/files-2.1/de.tudarmstadt.ukp.dkpro.core/de.tudarmstadt.ukp.dkpro.core.api.lexmorph-asl/1.6.0/7b9cdd0acbd44d69044dfa2ab79e779cfa7f5568/de.tudarmstadt.ukp.dkpro.core.api.lexmorph-asl-1.6.0.jar!/desc/type/TweetPOS.xml]
1996 [Test worker] DEBUG org.springframework.validation.DataBinder  - DataBinder requires binding of required fields []
1998 [Test worker] DEBUG org.apache.uima.resource.metadata.TypeSystemDescription  - Detected type system at [jar:file:/C:/Users/thompsow/.gradle/caches/modules-2/files-2.1/de.tudarmstadt.ukp.dkpro.core/de.tudarmstadt.ukp.dkpro.core.api.semantics-asl/1.6.0/48e393db4678d465a20c66e57ff651e04faf0ebd/de.tudarmstadt.ukp.dkpro.core.api.semantics-asl-1.6.0.jar!/desc/type/Semantics.xml]
2008 [Test worker] DEBUG org.apache.uima.resource.metadata.TypeSystemDescription  - Detected type system at [jar:file:/C:/WKT/git/Schorndorfer/uima-components/annotator-parent/type-system/build/libs/type-system-1.0.jar!/org/apache/ctakes/typesystem/types/TypeSystem.xml]
2008 [Test worker] DEBUG org.apache.uima.resource.metadata.TypeSystemDescription  - Detected type system at [jar:file:/C:/Users/thompsow/.gradle/caches/modules-2/files-2.1/de.tudarmstadt.ukp.dkpro.core/de.tudarmstadt.ukp.dkpro.core.api.ner-asl/1.6.0/eb2978702325a14dfa63dae9cb8cdb85d79906cd/de.tudarmstadt.ukp.dkpro.core.api.ner-asl-1.6.0.jar!/desc/type/NamedEntity.xml]
2008 [Test worker] DEBUG org.apache.uima.resource.metadata.TypeSystemDescription  - Detected type system at [jar:file:/C:/Users/thompsow/.gradle/caches/modules-2/files-2.1/de.tudarmstadt.ukp.dkpro.core/de.tudarmstadt.ukp.dkpro.core.api.lexmorph-asl/1.6.0/7b9cdd0acbd44d69044dfa2ab79e779cfa7f5568/de.tudarmstadt.ukp.dkpro.core.api.lexmorph-asl-1.6.0.jar!/desc/type/POS.xml]
2018 [Test worker] DEBUG org.apache.uima.resource.metadata.TypeSystemDescription  - Detected type system at [jar:file:/C:/Users/thompsow/.gradle/caches/modules-2/files-2.1/de.tudarmstadt.ukp.dkpro.core/de.tudarmstadt.ukp.dkpro.core.api.segmentation-asl/1.6.0/161eeb19ab9210221e2e1ec0f7349074eea389eb/de.tudarmstadt.ukp.dkpro.core.api.segmentation-asl-1.6.0.jar!/desc/type/LexicalUnits.xml]
2018 [Test worker] DEBUG org.apache.uima.resource.metadata.TypeSystemDescription  - Detected type system at [jar:file:/C:/Users/thompsow/.gradle/caches/modules-2/files-2.1/de.tudarmstadt.ukp.dkpro.core/de.tudarmstadt.ukp.dkpro.core.api.lexmorph-asl/1.6.0/7b9cdd0acbd44d69044dfa2ab79e779cfa7f5568/de.tudarmstadt.ukp.dkpro.core.api.lexmorph-asl-1.6.0.jar!/desc/type/Morpheme.xml]
2018 [Test worker] DEBUG org.apache.uima.resource.metadata.TypeSystemDescription  - Detected type system at [jar:file:/C:/Users/thompsow/.gradle/caches/modules-2/files-2.1/de.tudarmstadt.ukp.dkpro.core/de.tudarmstadt.ukp.dkpro.core.api.metadata-asl/1.6.0/144a0e6f198e862cb1e50442549aa516e8ab6cb1/de.tudarmstadt.ukp.dkpro.core.api.metadata-asl-1.6.0.jar!/desc/type/metadata.xml]
2018 [Test worker] DEBUG org.apache.uima.resource.metadata.TypeSystemDescription  - Detected type system at [jar:file:/C:/Users/thompsow/.gradle/caches/modules-2/files-2.1/de.tudarmstadt.ukp.dkpro.core/de.tudarmstadt.ukp.dkpro.core.api.lexmorph-asl/1.6.0/7b9cdd0acbd44d69044dfa2ab79e779cfa7f5568/de.tudarmstadt.ukp.dkpro.core.api.lexmorph-asl-1.6.0.jar!/desc/type/TweetPOS.xml]
2130 [Test worker] DEBUG org.apache.uima.resource.metadata.TypeSystemDescription  - Detected type system at [jar:file:/C:/Users/thompsow/.gradle/caches/modules-2/files-2.1/de.tudarmstadt.ukp.dkpro.core/de.tudarmstadt.ukp.dkpro.core.api.semantics-asl/1.6.0/48e393db4678d465a20c66e57ff651e04faf0ebd/de.tudarmstadt.ukp.dkpro.core.api.semantics-asl-1.6.0.jar!/desc/type/Semantics.xml]
2209 [Test worker] DEBUG org.apache.uima.resource.metadata.TypeSystemDescription  - Detected type system at [jar:file:/C:/WKT/git/Schorndorfer/uima-components/annotator-parent/type-system/build/libs/type-system-1.0.jar!/org/apache/ctakes/typesystem/types/TypeSystem.xml]
2212 [Test worker] DEBUG org.apache.uima.resource.metadata.TypeSystemDescription  - Detected type system at [jar:file:/C:/Users/thompsow/.gradle/caches/modules-2/files-2.1/de.tudarmstadt.ukp.dkpro.core/de.tudarmstadt.ukp.dkpro.core.api.ner-asl/1.6.0/eb2978702325a14dfa63dae9cb8cdb85d79906cd/de.tudarmstadt.ukp.dkpro.core.api.ner-asl-1.6.0.jar!/desc/type/NamedEntity.xml]
2212 [Test worker] DEBUG org.apache.uima.resource.metadata.TypeSystemDescription  - Detected type system at [jar:file:/C:/Users/thompsow/.gradle/caches/modules-2/files-2.1/de.tudarmstadt.ukp.dkpro.core/de.tudarmstadt.ukp.dkpro.core.api.lexmorph-asl/1.6.0/7b9cdd0acbd44d69044dfa2ab79e779cfa7f5568/de.tudarmstadt.ukp.dkpro.core.api.lexmorph-asl-1.6.0.jar!/desc/type/POS.xml]
2212 [Test worker] DEBUG org.apache.uima.resource.metadata.TypeSystemDescription  - Detected type system at [jar:file:/C:/Users/thompsow/.gradle/caches/modules-2/files-2.1/de.tudarmstadt.ukp.dkpro.core/de.tudarmstadt.ukp.dkpro.core.api.segmentation-asl/1.6.0/161eeb19ab9210221e2e1ec0f7349074eea389eb/de.tudarmstadt.ukp.dkpro.core.api.segmentation-asl-1.6.0.jar!/desc/type/LexicalUnits.xml]
2212 [Test worker] DEBUG org.apache.uima.resource.metadata.TypeSystemDescription  - Detected type system at [jar:file:/C:/Users/thompsow/.gradle/caches/modules-2/files-2.1/de.tudarmstadt.ukp.dkpro.core/de.tudarmstadt.ukp.dkpro.core.api.lexmorph-asl/1.6.0/7b9cdd0acbd44d69044dfa2ab79e779cfa7f5568/de.tudarmstadt.ukp.dkpro.core.api.lexmorph-asl-1.6.0.jar!/desc/type/Morpheme.xml]
2222 [Test worker] DEBUG org.apache.uima.resource.metadata.TypeSystemDescription  - Detected type system at [jar:file:/C:/Users/thompsow/.gradle/caches/modules-2/files-2.1/de.tudarmstadt.ukp.dkpro.core/de.tudarmstadt.ukp.dkpro.core.api.metadata-asl/1.6.0/144a0e6f198e862cb1e50442549aa516e8ab6cb1/de.tudarmstadt.ukp.dkpro.core.api.metadata-asl-1.6.0.jar!/desc/type/metadata.xml]
2222 [Test worker] DEBUG org.apache.uima.resource.metadata.TypeSystemDescription  - Detected type system at [jar:file:/C:/Users/thompsow/.gradle/caches/modules-2/files-2.1/de.tudarmstadt.ukp.dkpro.core/de.tudarmstadt.ukp.dkpro.core.api.lexmorph-asl/1.6.0/7b9cdd0acbd44d69044dfa2ab79e779cfa7f5568/de.tudarmstadt.ukp.dkpro.core.api.lexmorph-asl-1.6.0.jar!/desc/type/TweetPOS.xml]
2314 [Test worker] DEBUG org.springframework.validation.DataBinder  - DataBinder requires binding of required fields [dictFile,dictFileEncoding,maxDistance]
Identified Annotation: [Adenomatous polyp]
Identified Annotation: [Sigmoid colon]
Identified Annotation: [Hyperplastic polyp]
Identified Annotation: [Tubular adenoma]
]]></system-out>
  <system-err><![CDATA[]]></system-err>
</testsuite>
